[   0.000000] Initializing cgroup subsys cpuset
[    0.000000] Initializing cgroup subsys cpu
[   .000000] Initializing cgroup subsys cpuacct
[  0.000000] Linux version 4.4.0-128-generic (buildd@lcy01-amd64-019) (gcc version 5.4.0 20160609 (Ubuntu 5.4.0-6ubuntu1~16.04.9) ) #154-Ubuntu SMP Fri May 25 14:15:18 UTC 2018 (Ubuntu 4.4.0-128.154-generic 4.4.131)
[    0.000000] Command line: BOOT_IMAGE=/boot/vmlinuz-4.4.0-128-generic root=LABEL=cloudimg-roots o console=tty1 console=ttyS0
[    0.000000] KERNEL supported cpus:
[   .00000]   Intel GenuineIntel
[    0.000000]   AMD AuthenticAMD
[    0.000000]   Centaur CentaurHauls
[    0.000000] x86/fpu: xstate_offset[2]:  576, xstate_sizes[2]:  256
[   0.000000] x86/fpu: Supporting XSAVE feature 0x01: 'x87 floating point registers'
[    0.000000] x86/fpu: Supporting XSAVE feature 0x02: 'SSE registers'
[    0.000000] x86/fpu: Supporting XSAVE feature 0x04: 'AVX registers'
[    0.000000] x86/fpu: Enabled xstate features 0x7, context size is 832 bytes, using 'standard' format.
[    0.000000] x86/fpu: Using 'lazy' FPU context switches.
[    0.000000] e820: BIOS-provided physical RAM map:
[    0.000000] BIOS-e820: [mem 0x0000000000000000-0x000000000009fbff] usable
[   0.000000] BIOS-e820: [mem 0x000000000009fc00-0x000000000009ffff] reserved
[   .00000] BIOS-e820: [mem 0x00000000000f0000-0x00000000000fffff] reserved
[   0.000000] BIOS-e820: [mem 0x0000000000100000-0x000000007ffeffff] usable
[    0.000000] BIOS-e820: [mem 0x000000007fff0000-0x000000007fffffff] ACPI data
[    0.000000] BIOS-e820: [mem 0x00000000fec00000-0x00000000fec00fff] reserved
[    0.000000] BIOS-e820: [mem 0x00000000fee00000-0x00000000fee00fff] reserved
[    0.000000] BIOS-e820: [mem 0x00000000fffc0000-0x00000000ffffffff] reserved
[    0.000000] NX (Execute Disable) protection: active
[    0.000000] SMBIOS 2.5 present.
[    0.000000] Hypervisor deteted: KVM
[    0.000000] e820: last_pfn = 0x7fff0 max_arch_pfn = 0x400000000
[   .00000] MTRR: Disabled
[    0.000000] x86/PAT: MTRRs disabled, skipping PAT initialization too.
[   .000000] CPU MTRRs all blank - virtualized system.
[    0.000000] x86/PAT: Configuration [0-7]: WB  WT  UC- UC  WB  WT  UC- UC  
[   .000000] foundSMP MP-table at [mem 0x0009fff0-0x0009ffff] mpped at [ffff88000009fff0]
[    0.000000] Scanning 1 areas for low memory corruption
    0.000000] RAMDISK: [mem 0x36aa4000-0x37549fff]
[    0.000000] ACPI: Early table checksum verification disabled
[    0.000000] ACPI: RSDP 0x00000000000E0000 000024 (v02 VBOX  )
[    0.00000] ACPI: XSDT 0x000000007FFF0030 00003C (v01 VBOX   VBOXXSDT 00000001 ASL  00000061)
[    0.000000] ACPI: FACP 0x000000007FFF00F0 0000F4 (v04 VBOX   VBOXFACP 00000001 ASL  00000061)
[    0.000000] ACPI: DSDT 0x000000007FFF0470 0021FF (v02 VBOX   VBOXBIOS 00000002 INTL 20100528)
[    0.000000] ACPI: FACS 0x000000007FFF0200 000040
[   0.000000] ACPI: FACS 0x000000007FFF0200 000040
[   0.000000] ACPI: APIC 0x000000007FFF0240 00005C (v02 VBOX   VBOXAPIC 00000001 ASL  00000061)
[    0.000000] ACPI: SSDT 0x000000007FFF02A0 0001CC (v01 VBOX   VBOXCPUT 00000002 INTL 20100528)
[    0.000000] No NUMA configuration found
[   0.000000] Faking a node at [mem 0x0000000000000000-0x000000007ffeffff]
[   0.000000] NODE_DATA(0) allocated [mem 0x7ffeb000-0x7ffeffff]
[   0.000000] kvm-clock: sing msrs 4b564d01 and 4b564d00
[    0.000000] kvm-clock: cpu 0, msr 0:7ffe3001, primary cpu clock
[    0.000000] kvm-clock: using sched offset of 3944093507 cycles
[    0.000000] clocksource: kvm-clock: mask: 0xffffffffffffffff max_cycles: 0x1cd42e4dffb, max_idle_ns: 881590591483 ns
[    0.000000] Zone ranges:
[    0.000000]   DMA      [mem 0x0000000000001000-0x0000000000ffffff]
[    0.000000]   DMA32    [mem 0x0000000001000000-0x000000007ffeffff]
[    0.000000]   Normal   empty
[    0.000000]   Device   empty
[   0.000000] Movable zone start for each node
[    0.000000] Early memory node ranges
[    0.000000]   node   0: [mem 0x0000000000001000-0x000000000009efff]
[    0.000000]   node   0: [mem 0x0000000000100000-0x000000007ffeffff]
[    0.000000] Initmem setup node 0 [mem 0x0000000000001000-0x000000007ffeffff]
[    0.000000] ACPI: PM-Timer IO Port: 0x4008
[    0.000000] IOAPIC[0]: apic_id 2, version 2,address 0xfec00000, GSI 0-23
[    0.000000] ACPI: INT_SRC_OVR (bus 0 bus_irq 0 global_irq 2 dfl dfl)
[   0..000000] ACPI: INT_SRC_OVR (bus 0 bus_irq 9 global_irq 9 low level)
[    0.000000] Using ACPI (MADT) for SMP configuration information
[    0.000000] smpboot: Allowing 2 CPUs, 0 hotplug CPUs
[    0.000000] PM: Registered nosave memory: [mem 0x00000000-0x00000fff]
[    0.000000] PM: Registered nosave memory: [mem 0x0009f000-0x0009ffff]
[    0.000000] PM: Registered nosave memory: [mem 0x000a0000-0x000effff]
[    0.000000] PM: Registered nosave memory: [mem 0x000f0000-0x000fffff]
[    0.000000] e820: [mem 0x80000000-0xfebfffff] available for PCI devices
[    0.000000] Booting paravirtualized kernel on KVM
[    0.000000] clocksource: refined-jiffies: mask: 0xffffffff max_cycles: 0xffffffff, max_idle_ns: 7645519600211568 ns
[    0.000000] setup_percpu: NR_CPUS:512 nr_cpumask_bits:512 nr_cpu_ids:2 nr_node_ids:1
[    0.000000] PERCPU: Embedded 34 pages/cpu @ffff88007fc00000 s99544 r8192 d31528 u1048576
[    0.000000] PV qspinlock hash table entries: 256 (order: 0, 4096 bytes)
[    0.000000] Built 1 zonelists in Node order, mobility grouping on.  Total pages: 515960
[    0.000000] Policy zone: DMA32
[    0.000000] Kernel command line: BOOT_IMAGE=/boot/vmlinuz-4.4.0-128-generic root=LABEL=cloudimg-rootfs ro console=tty1 console=ttyS0
[    0.000000] PID hash table entries: 4096 (order: 3, 32768 bytes)
[    0.000000] Memory: 2033808K/2096696K available (8541K kernel code, 1313K rwdata, 4000K rodata, 1512K init, 1316K bss, 62888K reserved, 0K cma-reserved)
[    0.000000] SLUB: HWalign=64, Order=0-3, MinObjects=0, CPUs=2, Nodes=1
[   0.000000] Kernel/User page tables isolation: enabled
[    0.000000] Hierarchical RCU implementation.
[    0.000000] 	Build-time adjustment of leaf fanout to 64.
[   0.0000]	RCU restricting CPUs from NR_CPUS=512 to nr_cpu_ids=2.
[    0.000000] RCU: Adjusting geometry for rcu_fanout_leaf=64, nr_cpu_ids=2
[    0.000000] NR_IRQS:33024 nr_irqs:440 16
[   .00000] Console: colour VGA+ 80x25
[    0.000000] console [tty1] enabled
[    0.000000] console [ttyS0] enabled
[   0.000000] tsc: Detected 2494.316 MHz processor
[    1.388490] Calibrating delay loop (skipped) preset value.. 4988.63 BogoMIPS (lpj=9977264)
[    1.412197] pid_max: default: 32768 minimum: 301
[    1.414341] ACPI: Core revision 20150930
[    1.418243] ACPI: 2 ACPI AML tables successfully acquired and loaded
[    1.426559] Security Framework initialized
[    1.430372] Yama: becoming mindful.
[    1.434639] AppArmor: AppArmor initialized
[    1.444766] Dentry cache hash table entries: 262144 (order: 9, 2097152 bytes)
[    1.450463] Inode-cache hash table entries: 131072 (order: 8, 1048576 bytes)
[    1.461964] Mount-cache hash table entries: 4096 (order: 3, 32768 bytes)
[    1.464351] Mountpoint-cache hash table entries: 4096 (order: 3, 32768 bytes)
[    1.470053] Initializing cgroup subsys io
[    1.477789] Initializing cgroup subsys memory
[    1.482947] Initializing cgroup subsys devices
[    1.484516] Initializing cgroup subsys freezer
[    1.486226] Initializing cgroup subsys net_cls
[    1.487841] Initializing cgroup subsys perf_event
[    1.489603] Initializing cgroup subsys net_prio
[    1.491196] Initializing cgroup subsys hugetlb
[    1.492758] Initializing cgroup subsys pids
[    1.494394] CPU: Physical Processor ID: 0
[    1.495847] CPU: Processor Core ID: 0
[    1.499007] mce: CPU supports 0 MCE banks
[    1.500491] Last level iTLB entries: 4KB 512, 2MB 8, 4MB 8
[    1.502614] Last level dTLB entries: 4KB 512, 2MB 32, 4MB 32, 1GB 0
[    1.507118] Spectre V2 : Mitigation: Full generic retpoline
[    1.509318] Spectre V2 : Speculation control IBPB not-supported IBRS not-supported
[    1.520119] Speculative Store Bypass: Vulnerable
[    1.526396] Freeing SMP alternatives memory: 32K
[    1.539420] ftrace: allocating 32236 entries in 126 pages
[    1.612560] smpboot: APIC(0) Converting physical 0 to logical package 0
[    1.619518] smpboot: Max logical packages: 1
[    1.621469] x2apic enabled
[    1.625797] Switched APIC routing to physical x2apic.
[    1.632016] ..TIMER: vector=0x30 apic1=0 pin1=2 apic2=-1 pin2=-1
[    1.741424] smpboot: CPU0: Intel(R) Core(TM) i5-3210M CPU @ 2.50GHz (family: 0x6, model: 0x3a, stepping: 0x9)
[    1.746238] Performance Events: unsupported p6 CPU model 58 no PMU driver, software events only.
[   1.750771] KVM setup paravirtual spinlock
[    1.780647] x86: Booting SMP configuration:
[    1.796804] .... node  #0, CPUs:      #1
[    1.806394] kvm-clock: cpu 1, msr 0:7ffe3041, secondary cpu clock
[    1.809151] mce: CPU supports 0 MCE banks
[    1.812776] x86: Booted up 1 node, 2 CPUs
[    1.814623] smpboot: Total of 2 processors activated (9977.26 BogoMIPS)
[    1.824134] devtmpfs: initialized
[    1.827418] evm: security.selinux
[    1.828854] evm: security.SMACK64
[    1.830220] evm: security.SMACK64EXEC
[    1.831557] evm: security.SMACK64TRANSMUTE
[    1.833016] evm: security.SMACK64MMAP
[    1.834435] evm: security.ima
[    1.835584] evm: security.capability
[    1.837201] clocksource: jiffies: mask: 0xffffffff max_cycles: 0xffffffff, max_idle_ns: 7645041785100000 ns
[    1.840622] futex hash table entries: 512 (order: 3, 32768 bytes)
[    1.843042] pinctrl core: initialized pinctrl subsystem
[    1.847195] RTC time:  5:05:46, date: 06/27/18
[    1.849361] NET: Registered protocol family 16
[    1.861750] cpuidle: using governor ladder
[    1.874980] cpuidle: using governor menu
[    1.877340] PCCT header not found.
[    1.879541] ACPI: bus type PCI registered
[    1.881506] acpiphp: ACPI Hot Plug PCI Controller Driver version: 0.5
[    1.884403] PCI: Using configuration type 1 for base access
[    1.910739] ACPI: Added _OSI(Module Device)
[    1.914207] ACPI: Added _OSI(Processor Device)
[    1.917761] ACPI: Added _OSI(3.0 _SCP Extensions)
[    1.921779] ACPI: Added _OSI(Processor Aggregator Device)
[    1.928626] ACPI: Executed 1 blocks of module-level executable AML code
[    1.950079] ACPI: Interpreter enabled
[    1.953394] ACPI: (supports S0 S5)
[    1.956676] ACPI: Using IOAPIC for interrupt routing
[    1.962534] PCI: Using host bridge windows from ACPI; if necessary, use "pci=nocrs" and report a bug
[    1.984218] ACPI: PCI Root Bridge [PCI0] (domain 0000 [bus 00-ff])
[    1.986592] acpi PNP0A03:00: _OSC: OS supports [ASPM ClockPM Segments MSI]
[    1.989114] acpi PNP0A03:00: _OSC: not requesting OS control; OS requires [ExtendedConfig ASPM ClockPM MSI]
[    1.997222] acpi PNP0A03:00: fail to add MMCONFIG information, can't access extended PCI configuration space under this bridge.
[    2.002790] PCI host bridge to bus 0000:00
[    2.006291] pci_bus 0000:00: root bus resource [io  0x0000-0x0cf7 window]
[    2.014668] pci_bus 0000:00: root bus resource [io  0x0d00-0xffff window]
[    2.019299] pci_bus 0000:00: root bus resource [mem 0x000a0000-0x000bffff window]
[    2.023630] pci_bus 0000:00: root bus resource [mem 0x80000000-0xfdffffff window]
[    2.034273] pci_bus 0000:00: root bus resource [bus 00-ff]
[    2.043288] pci 0000:00:01.1: legacy IDE quirk: reg 0x10: [io  0x01f0-0x01f7]
[    2.046947] pci 0000:00:01.1: legacy IDE quirk: reg 0x14: [io  0x03f6]
[    2.050757] pci 0000:00:01.1: legacy IDE quirk: reg 0x18: [io  0x0170-0x0177]
[    2.065642] pci 0000:00:01.1: legacy IDE quirk: reg 0x1c: [io  0x0376]
[    2.102252] pci 0000:00:07.0: quirk: [io  0x4000-0x403f] claimed by PIIX4 ACPI
[    2.107184] pci 0000:00:07.0: quirk: [io  0x4100-0x410f] claimed by PIIX4 SMB
[    2.126876] ACPI: PCI Interrupt Link [LNKA] (IRQs 5 9 10 *11)
[    2.135027] ACPI: PCI Interrupt Link [LNKB] (IRQs 5 9 *10 11)
[    2.157369] ACPI: PCI Interrupt Link [LNKC] (IRQs 5 *9 10 11)
[    2.176566] ACPI: PCI Interrupt Link [LNKD] (IRQs 5 9 10 *11)
[    2.179347] ACPI: Enabled 2 GPEs in block 00 to 07
[    2.182829] vgaarb: setting as boot device: PCI:0000:00:02.0
[    2.217167] vgaarb: device added: PCI:0000:00:02.0,decodes=io+mem,owns=io+mem,locks=none
[    2.225186] vgaarb: loaded
[    2.240909] vgaarb: bridge control possible 0000:00:02.0
[    2.250167] SCSI subsystem initialized
[    2.251802] ACPI: bus type USB registered
[    2.257448] usbcore: registered new interface driver usbfs
[    2.270018] usbcore: registered new interface driver hub
[    2.285379] usbcore: registered new device driver usb
[    2.302085] PCI: Using ACPI for IRQ routing
[    2.314509] NetLabel: Initializing
[    2.325955] NetLabel:  domain hash size = 128
[    2.328992] NetLabel:  protocols = UNLABELED CIPSOv4
[    2.338955] NetLabel:  unlabeled traffic allowed by default
[    2.341490] amd_nb: Cannot enumerate AMD northbridges
[    2.345578] clocksource: Switched to clocksource kvm-clock
[    2.360233] AppArmor: AppArmor Filesystem Enabled
[    2.364268] pnp: PnP ACPI init
[   .367468] pnp: PnP ACPI: found 3 devices

[    2.441263] clocksource: acpi_pm: mask: 0xffffff max_cycles: 0xffffff, max_idle_ns: 2085701024 ns
[   .4440]NE: egiteedprtool family 2
[    2.797890] TCP established hash table entries: 16384 (order: 5, 131072 bytes)
[    2.800930] TCP bind hash table entries: 16384 (order: 6, 262144 bytes)
[   .8438]TC: as tables configured (established 16384 bind 16384)
[    3.020583] UDP hash table entries: 1024 (order: 3, 32768 bytes)
[    3.023061] UDP-Lite hash table entries: 1024 (order: 3, 32768 ytes)
[    3.099895] NET: egstred protoco family 1
[   .2928]pc 00000:00.0: Limiting direct PCI/PCI transfers
[   .4475] ci0000:00:01.0: Activating ISA DMA hang workarounds
[   .62391] Unpacking initramfs...

[    5.665986] Freeing initrd memory 190K[    5.775190] RAPL PMU detected, API unit is 2^-32 Joules, 3 fixed counters 10737418240 ms ovfl timer
[   .8629] hw unit of domain pp0-core 2^-0 Joules

[    5.915919] hw unit of domain package 2^-0 Joules
[    5.917839] hw unit of domain pp1-gpu 2^-0 Joules
[    5.919751] platform rtc_cmos: registered platform RTC device (no PNP device found)
[    5.924988] Scanning for low memory corruption every 60 seconds
[    5.928918] audit: initializing netlink subsys (disabled)
[    5.931262] audit: type=2000 audit(1530075954.815:1): initialized
[    5.934299] Initialise system trusted keyring
[    5.939255] HugeTLB registered 2 MB page size, pre-allocated 0 pages
[    5.945055] zbud: loaded
[    5.953228] VFS: Disk quotas dquot_6.6.0
[    5.956065] VFS: Dquot-cache hash table entries: 512 (order 0, 4096 bytes)
[    5.960325] squashfs: version 4.0 (2009/01/31) Phillip Lougher
[    5.964473] fuse init (API version 7.23)
[    5.966149] Key type big_key registered
[    5.967571] Allocating IMA MOK and blacklist keyrings.
[    5.971172] Key type asymmetric registered
[    5.972675] Asymmetric key parser 'x509' registered
[    5.974844] Block layer SCSI generic (bsg) driver version 0.4 loaded (major 249)
[    5.977675] io scheduler noop registered
[    5.983191] io scheduler deadline registered (default)
[    5.987893] io scheduler cfq registered
[    5.991233] pci_hotplug: PCI Hot Plug PCI Core version: 0.5
[    5.995991] pciehp: PCI Express Hot Plug Controller Driver version: 0.4
[    6.000554] ACPI: AC Adapter [AC] (on-line)
[    6.007714] input: Power Button as /devices/LNXSYSTM:00/LNXPWRBN:00/input/input0
[    6.012342] ACPI: Power Button [PWRF]
[    6.013983] input: Sleep Button as /devices/LNXSYSTM:00/LNXSLPBN:00/input/input1
[    6.019921] ACPI: Sleep Button [SLPF]
[    6.022234] GHES: HEST is not enabled!
[    6.024017] Serial: 8250/16550 driver, 32 ports, IRQ sharing enabled
[    6.051623] 00:02: ttyS0 at I/O 0x3f8 (irq = 4, base_baud = 115200) is a 16550A
[    6.061773] Linux agpgart interface v0.103
[    6.066207] loop: module loaded
[    6.068478] scsi host0: ata_piix
[    6.070062] scsi host1: ata_piix
[    6.071335] ata1: PATA max UDMA/33 cmd 0x1f0 ctl 0x3f6 bmdma 0xd000 irq 14
[    6.073581] ata2: PATA max UDMA/33 cmd 0x170 ctl 0x376 bmdma 0xd008 irq 15
[    6.081625] libphy: Fixed MDIO Bus: probed
[    6.083388] tun: Universal TUN/TAP device driver, 1.6
[    6.087671] tun: (C) 1999-2004 Max Krasnyansky <maxk@qualcomm.com>
[    6.092340] PPP generic driver version 2.4.2
[    6.095507] ehci_hcd: USB 2.0 'Enhanced' Host Controller (EHCI) Driver
[    6.099356] ehci-pci: EHCI PCI platform driver
[    6.101058] ehci-platform: EHCI generic platform driver
[    6.103073] ohci_hcd: USB 1.1 'Open' Host Controller (OHCI) Driver
[    6.105138] ohci-pci: OHCI PCI platform driver
[    6.106966] ohci-platform: OHCI generic platform driver
[    6.108785] uhci_hcd: USB Universal Host Controller Interface driver
[    6.111338] i8042: PNP: PS/2 Controller [PNP0303:PS2K,PNP0f03:PS2M] at 0x60,0x64 irq 1,12
[    6.118739] serio: i8042 KBD port at 0x60,0x64 irq 1
[    6.123767] serio: i8042 AUX port at 0x60,0x64 irq 12
[    6.127879] mousedev: PS/2 mouse device common for all mice
[    6.131914] input: AT Translated Set 2 keyboard as /devices/platform/i8042/serio0/input/input2
[    6.137387] rtc_cmos rtc_cmos: rtc core: registered rtc_cmos as rtc0
[    6.140931] rtc_cmos rtc_cmos: alarms up to one day, 114 bytes nvram
[    6.144178] i2c /dev entries driver
[    6.147380] device-mapper: uevent: version 1.0.3
[    6.151476] device-mapper: ioctl: 4.34.0-ioctl (2015-10-28) initialised: dm-devel@redhat.com
[    6.156689] ledtrig-cpu: registered to indicate activity on CPUs
[    6.161071] NET: Registered protocol family 10
[    6.163157] NET: Registered protocol family 17
[    6.167446] Key type dns_resolver registered
[    6.169851] registered taskstats version 1
[    6.175271] Loading compiled-in X.509 certificates
[    6.188508] Loaded X.509 cert 'Build time autogenerated kernel key: fc7b57a7df019f2655f66a8a374d74ee8f4999fc'
[    6.193284] zswap: loaded using pool lzo/zbud
[    6.198881] Key type trusted registered
[    6.208248] Key type encrypted registered
[    6.210663] AppArmor: AppArmor sha1 policy hashing enabled
[    6.213421] ima: No TPM chip found, activating TPM-bypass!
[    6.220300] evm: HMAC attrs: 0x1
[    6.224160]   Magic number: 6:71:63
[    6.225644] rtc_cmos rtc_cmos: setting system clock to 2018-06-27 05:05:51 UTC (1530075951)
[    6.228925] BIOS EDD facility v0.16 2004-Jun-25, 0 devices found
[    6.231179] EDD information not available.
[    6.239575] Freeing unused kernel memory: 1512K
[    6.250422] Write protecting the kernel read-only data: 14336k
[    6.257189] Freeing unused kernel memory: 1688K
[    6.259543] Freeing unused kernel memory: 96K
Loading, please wait...
starting version 229
[    6.278075] random: systemd-udevd: uninitialized urandom read (16 bytes read, 3 bits of entropy available)
[    6.278539] random: udevadm: uninitialized urandom read (16 bytes read, 3 bits of entropy available)
[    6.278579] random: udevadm: uninitialized urandom read (16 bytes read, 3 bits of entropy available)
[    6.290860] random: udevadm: uninitialized urandom read (16 bytes read, 3 bits of entropy available)
[    6.290912] random: udevadm: uninitialized urandom read (16 bytes read, 3 bits of entropy available)
[    6.291078] random: udevadm: uninitialized urandom read (16 bytes read, 3 bits of entropy available)
[    6.291140] random: udevadm: uninitialized urandom read (16 bytes read, 3 bits of entropy available)
[    6.291201] random: udevadm: uninitialized urandom read (16 bytes read, 3 bits of entropy available)
[    6.291267] random: udevadm: uninitialized urandom read (16 bytes read, 3 bits of entropy available)
[    6.291328] random: udevadm: uninitialized urandom read (16 bytes read, 3 bits of entropy available)
[    6.364975] e1000: Intel(R) PRO/1000 Network Driver - version 7.3.21-k8-NAPI
[    6.367548] e1000: Copyright (c) 1999-2006 Intel Corporation.
[    6.370299] Fusion MPT base driver 3.04.20
[    6.372294] Copyright (c) 1999-2008 LSI Corporation
[    6.381562] Fusion MPT SPI Host driver 3.04.20
[    6.400370] AVX version of gcm_enc/dec engaged.
[    6.402421] AES CTR mode by8 optimization enabled
[    6.591296] input: ImExPS/2 Generic Explorer Mouse as /devices/platform/i8042/serio1/input/input4
[    6.857667] e1000 0000:00:03.0 eth0: (PCI:33MHz:32-bit) 02:40:c1:fa:9b:f5
[    6.860141] e1000 0000:00:03.0 eth0: Intel(R) PRO/1000 Network Connection
[    6.863574] mptbase: ioc0: Initiating bringup
[    6.863732] e1000 0000:00:03.0 enp0s3: renamed from eth0
[    7.027378] tsc: Refined TSC clocksource calibration: 2494.002 MHz
[    7.105674] clocksource: tsc: mask: 0xffffffffffffffff max_cycles: 0x23f317cc502, max_idle_ns: 440795316211 ns
[    7.122849] ioc0: LSI53C1030 A0: Capabilities={Initiator}
[    7.319475] scsi host2: ioc0: LSI53C1030 A0, FwRev=00000000h, Ports=1, MaxQ=256, IRQ=20
[    7.435300] scsi 2:0:0:0: Direct-Access     VBOX     HARDDISK         1.0  PQ: 0 ANSI: 5
[    7.439565] scsi target2:0:0: Beginning Domain Validation
[    7.445177] scsi target2:0:0: Domain Validation skipping write tests
[    7.447687] scsi target2:0:0: Ending Domain Validation
[    7.450094] scsi target2:0:0: asynchronous
[    7.464227] scsi 2:0:1:0: Direct-Access     VBOX     HARDDISK         1.0  PQ: 0 ANSI: 5
[    7.467168] scsi target2:0:1: Beginning Domain Validation
[    7.618298] scsi target2:0:1: Domain Validation skipping write tests
[    7.621391] scsi target2:0:1: Ending Domain Validation
[    8.039232] scsi target2:0:1: asynchronous
[    8.058627] sd 2:0:0:0: Attached scsi generic sg0 type 0
[    8.060980] sd 2:0:1:0: Attached scsi generic sg1 type 0
[    8.061168] sd 2:0:0:0: [sda] 20971520 512-byte logical blocks: (10.7 GB/10.0 GiB)
[    8.068314] sd 2:0:1:0: [sdb] 20480 512-byte logical blocks: (10.5 MB/10.0 MiB)
[    8.071419] sd 2:0:0:0: [sda] Write Protect is off
[    8.075813] sd 2:0:1:0: [sdb] Write Protect is off
[    8.077589] sd 2:0:0:0: [sda] Incomplete mode parameter data
[    8.079645] sd 2:0:0:0: [sda] Assuming drive cache: write through
[    8.079870] sd 2:0:1:0: [sdb] Incomplete mode parameter data
[    8.079872] sd 2:0:1:0: [sdb] Assuming drive cache: write through
[    8.082615] sd 2:0:1:0: [sdb] Attached SCSI disk
[    8.093930]  sda: sda1
[    8.099697] sd 2:0:0:0: [sda] Attached SCSI disk
Begin: Loading essential drivers ... [    9.703324] md: linear personality registered for level -1
[    9.712292] md: multipath personality registered for level -4
[    9.717959] md: raid0 personality registered for level 0
[    9.724756] md: raid1 personality registered for level 1
[    9.797879] raid6: sse2x1   gen()  7207 MB/s
[    9.865984] raid6: sse2x1   xor()  5467 MB/s
[    9.934315] raid6: sse2x2   gen()  6346 MB/s
[   10.006226] raid6: sse2x2   xor()  1607 MB/s
[   10.089713] raid6: sse2x4   gen()  4061 MB/s
[   10.157779] raid6: sse2x4   xor()  6749 MB/s
[   10.159932] raid6: using algorithm sse2x1 gen() 7207 MB/s
[   10.161769] raid6: .... xor() 5467 MB/s, rmw enabled
[   10.164165] raid6: using ssse3x2 recovery algorithm
[   10.169209] xor: automatically using best checksumming function:
[   10.209687]    avx       : 14936.000 MB/sec
[   10.213005] async_tx: api initialized (async)
[   10.232563] md: raid6 personality registered for level 6
[   10.235591] md: raid5 personality registered for level 5
[   10.246821] md: raid4 personality registered for level 4
[   10.256217] md: raid10 personality registered for level 10
done.
Begin: Running /scripts/init-premount ... done.
Begin: Mounting root file system ... Begin: Running /scripts/local-top ... done.
Begin: Running /scripts/local-premount ..[   10.295133] Btrfs loaded
. Scanning for Btrfs filesystems
done.
Warning: fsck not present, so skipping root file system
[   10.341869] EXT4-fs (sda1): mounted filesystem with ordered data mode. Opts: (null)
done.
Begin: Running /scripts/local-bottom ... done.
Begin: Running /scripts/init-bottom ... done.
[   10.471575] systemd[1]: systemd 229 running in system mode. (+PAM +AUDIT +SELINUX +IMA +APPARMOR +SMACK +SYSVINIT +UTMP +LIBCRYPTSETUP +GCRYPT +GNUTLS +ACL +XZ -LZ4 +SECCOMP +BLKID +ELFUTILS +KMOD -IDN)
[   10.481014] systemd[1]: Detected virtualization oracle.
[   10.484019] systemd[1]: Detected architecture x86-64.

Welcome to [1mUbuntu 16.04.4 LTS[0m!

[   10.505351] systemd[1]: Set hostname to <ubuntu>.
[   10.511194] systemd[1]: Initializing machine ID from random generator.
[   10.513460] systemd[1]: Installed transient /etc/machine-id file.
[   10.704223] systemd[1]: Listening on Journal Audit Socket.
[[0;32m  OK  [0m] Listening on Journal Audit Socket.
[   10.715366] systemd[1]: Listening on Journal Socket.
[[0;32m  OK  [0m] Listening on Journal Socket.
[   10.725291] systemd[1]: Listening on LVM2 metadata daemon socket.
[[0;32m  OK  [0m] Listening on LVM2 metadata daemon socket.
[   10.732568] systemd[1]: Listening on Device-mapper event daemon FIFOs.
[[0;32m  OK  [0m] Listening on Device-mapper event daemon FIFOs.
[   10.742182] systemd[1]: Reached target Encrypted Volumes.
[[0;32m  OK  [0m] Reached target Encrypted Volumes.
[   10.760309] systemd[1]: Listening on Syslog Socket.
[[0;32m  OK  [0m] Listening on Syslog Socket.
[   10.769149] systemd[1]: Started Forward Password Requests to Wall Directory Watch.
[[0;32m  OK  [0m] Started Forward Password Requests to Wall Directory Watch.
[   10.783427] systemd[1]: Started Trigger resolvconf update for networkd DNS.
[[0;32m  OK  [0m] Started Trigger resolvconf update for networkd DNS.
[   10.793478] systemd[1]: Listening on Journal Socket (/dev/log).
[[0;32m  OK  [0m] Listening on Journal Socket (/dev/log).
[   10.799715] systemd[1]: Listening on LVM2 poll daemon socket.
[[0;32m  OK  [0m] Listening on LVM2 poll daemon socket.
[   10.813650] systemd[1]: Reached target Swap.
[[0;32m  OK  [0m] Reached target Swap.
[   10.818957] systemd[1]: Reached target User and Group Name Lookups.
[[0;32m  OK  [0m] Reached target User and Group Name Lookups.
[   10.824740] systemd[1]: Set up automount Arbitrary Executable File Formats File System Automount Point.
[[0;32m  OK  [0m] Set up automount Arbitrary Executab...ats File System Automount Point.
[   10.836977] systemd[1]: Created slice User and Session Slice.
[[0;32m  OK  [0m] Created slice User and Session Slice.
[   10.844278] systemd[1]: Listening on udev Control Socket.
[[0;32m  OK  [0m] Listening on udev Control Socket.
[   10.851762] systemd[1]: Listening on /dev/initctl Compatibility Named Pipe.
[[0;32m  OK  [0m] Listening on /dev/initctl Compatibility Named Pipe.
[   10.859613] systemd[1]: Listening on udev Kernel Socket.
[[0;32m  OK  [0m] Listening on udev Kernel Socket.
[   10.867754] systemd[1]: Reached target System Time Synchronized.
[[0;32m  OK  [0m] Reached target System Time Synchronized.
[   10.909272] systemd[1]: Created slice System Slice.
[[0;32m  OK  [0m] Created slice System Slice.
[   10.938323] systemd[1]: Starting Set console keymap...
         Starting Set console keymap...
[   10.948811] systemd[1]: Reached target Slices.
[[0;32m  OK  [0m] Reached target Slices.
[   10.961042] systemd[1]: Starting Monitoring of LVM2 mirrors, snapshots etc. using dmeventd or progress polling...
         Starting Monitoring of LVM2 mirrors... dmeventd or progress polling...
[   10.974375] systemd[1]: Starting Create list of required static device nodes for the current kernel...
         Starting Create list of required st... nodes for the current kernel...
[   10.990518] systemd[1]: Starting Journal Service...
         Starting Journal Service...
[   10.999623] systemd[1]: Starting Load Kernel Modules...
         Starting Load Kernel Modules...
[   11.015158] systemd[1]: Starting Nameserver information manager...
         Starting Nameser[   11.020852] Loading iSCSI transport class v2.0-870.
ver information manager...
[   11.026433] systemd[1]: Starting Remount Root and Kernel File Systems...
         Starting Remount Root and Kernel File Systems...
[   11.035903] systemd[1]: Mounting Huge Pages File System...
[   11.037824] EXT4-fs (sda1): re-mounted. Opts: (null)
         Mounting Huge Pages File System...
[   11.045304] systemd[1]: Mounting Debug File System...
         Mounting Debug File System...
[   11.053557] systemd[1]: Mounting POSIX Message Queue File System...
[   11.054240] iscsi: registered transport (tcp)
         Mounting POSIX Message Queue File System...
[   11.071659] systemd[1]: Created slice system-serial\x2dgetty.slice.
[[0;32m  OK  [0m] Created slice system-serial\x2dgetty.slice.
[   11.093969] systemd[1]: Starting Uncomplicated firewall...
         [   11.110969] iscsi: registered transport (iser)
Starting Uncomplicated firewall...
[   11.118144] systemd[1]: Mounted Debug File System.
[[0;32m  OK  [0m] Mounted Debug File System.
[   11.138300] systemd[1]: Mounted POSIX Message Queue File System.
[[0;32m  OK  [0m] Mounted POSIX Message Queue File System.
[   11.151930] systemd[1]: Mounted Huge Pages File System.
[[0;32m  OK  [0m] Mounted Huge Pages File System.
[   11.178213] systemd[1]: Started Journal Service.
[[0;32m  OK  [0m] Started Journal Service.
[[0;32m  OK  [0m] Started Set console keymap.
[[0;32m  OK  [0m] Started Create list of required sta...ce nodes for the current kernel.
[[0;32m  OK  [0m] Started Load Kernel Modules.
[[0;32m  OK  [0m] Started Remount Root and Kernel File Systems.
[[0;32m  OK  [0m] Started Uncomplicated firewall.
[[0;32m  OK  [0m] Started Nameserver information manager.
[[0;32m  OK  [0m] Started LVM2 metadata daemon.
         Starting udev Coldplug all Devices...
         Starting Load/Save Random Seed...
         Mounting FUSE Control File System...
         Starting Apply Kernel Variables...
         Starting Create Static Device Nodes in /dev...
         Starting Flush Journal to Persistent Storage...
[[0;32m  OK  [0m] Mounted FUSE Control File System.
[[0;32m  OK  [0m] Started Load/Save Random Seed.
[[0;32m  OK  [0m] Started Apply Kernel Variables.
[[0;32m  OK  [0m] Started Create Static Device Nodes in /dev.
[[0;32m  OK  [0m] Started udev Coldplug all Devices.
[[0;32m  OK  [0m] Started Flush Journal to Persistent Storage.
         Starting udev Kernel Device Manager...
[[0;32m  OK  [0m] Started udev Kernel Device Manager.
[[0;32m  OK  [0m] Started Dispatch Password Requests to Console Directory Watch.
[[0;32m  OK  [0m] Found device /dev/ttyS0.
[[0;32m  OK  [0m] Started Monitoring of LVM2 mirrors,...ng dmeventd or progress polling.
[[0;32m  OK  [0m] Reached target Local File Systems (Pre).
[[0;32m  OK  [0m] Reached target Local File Systems.
         Starting Tell Plymouth To Write Out Runtime Data...
         Starting Set console font and keymap...
         Starting LSB: AppArmor initialization...
         Starting Create Volatile Files and Directories...
         Starting Commit a transient machine-id on disk...
         Starting Initial cloud-init job (pre-networking)...
[[0;32m  OK  [0m] Started Tell Plymouth To Write Out Runtime Data.
[[0;32m  OK  [0m] Started Create Volatile Files and Directories.
[[0;32m  OK  [0m] Started Commit a transient machine-id on disk.
         Starting Update UTMP about System Boot/Shutdown...
[[0;32m  OK  [0m] Started Update UTMP about System Boot/Shutdown.
[[0;32m  OK  [0m] Listening on Load/Save RF Kill Switch Status /dev/rfkill Watch.
[[0;32m  OK  [0m] Started LSB: AppArmor initialization.
[   12.142656] cloud-init[556]: Cloud-init v. 18.2 running 'init-local' at Wed, 27 Jun 2018 05:05:58 +0000. Up 11.43 seconds.
[[0;32m  OK  [0m] Started Initial cloud-init job (pre-networking).
[[0;32m  OK  [0m] Reached target Network (Pre).
         Starting Raise network interfaces...
[[0;32m  OK  [0m] Started Set console font and keymap.
[[0;32m  OK  [0m] Created slice system-getty.slice.
[[0;32m  OK  [0m] Started Raise network interfaces.
[[0;32m  OK  [0m] Reached target Network.
         Starting Initial cloud-init job (metadata service crawler)...
[   14.759213] cloud-init[958]: Cloud-init v. 18.2 running 'init' at Wed, 27 Jun 2018 05:06:00 +0000. Up 13.66 seconds.
[   14.789355] cloud-init[958]: ci-info: +++++++++++++++++++++++++++++++++++++Net device info++++++++++++++++++++++++++++++++++++++
[[0;32m  OK  [0m] Started Initial cloud-init job (metadata service crawler).
[[0;32m  OK  [0m] Reached target Network is Online.
[   14.854989] cloud-init[958]: ci-info: +--------+------+----------------------------+---------------+-------+-------------------+
[   14.892337] cloud-init[958]: ci-info: | Device |  Up  |          Address           |      Mask     | Scope |     Hw-Address    |
[   14.992878]          Starting iSCSI initiator daemon (iscsid)...
[[0;32m  OK  [0m] Reached target System Initialization.
cloud-init[958]: ci-info: +--------+------+----------------------------+---------------+-------+-------------------+
[   15.018828] cloud-init[958]: ci-info: | enp0s3 | True |         10.0.2.15          | 255.255.255.0 |   .   | 02:40:c1:fa:9b:f5 |
[[0;32m  OK  [0m] Started Daily apt download activities.
[   15.050636]          cloud-initStarting Socket activation for snappy daemon.[958]: 
ci-info: | enp0s3 | True | fe80::40:c1ff:fefa:9bf5/64 |       .       |  link | 02:40:c1:fa:9b:f5 |
[   15.093773] [[0;32m  OK  [0m] Listening on ACPID Listen Socket.
cloud-init[958]: ci-info: |   lo   | True |         127.0.0.1          |   255.0.0.0   |   .   |         .         |
[   15.102930] cloud-init[958]: ci-info: |   lo   | True |          ::1/128           |       .       |  host |         .         |
         Starting LXD - unix socket.
[   15.104446] cloud-init[[0;32m  OK  [0m] Listening on D-Bus System Message Bus Socket.
[958]: ci-info: +--------+------+----------------------------+---------------+-------+-------------------+
[[0;32m  OK  [0m] Started Daily Cleanup of Temporary Directories.
[   15.125300] [[0;32m  OK  [0m] Listening on UUID daemon activation socket.
cloud-init[958]: ci-info: +++++++++++++++++++++++++++Route IPv4 info++++++++++++++++++++++++++++
[   15.174326] [[0;32m  OK  [0m] Started ACPI Events Check.
[[0;32m  OK  [0m] Reached target Paths.
cloud-init[958]: ci-info: +-------+-------------+----------+---------------+-----------+-------+
[   15.204249] [[0;32m  OK  [0m] Started Daily apt upgrade and clean activities.
[[0;32m  OK  [0m] Reached target Timers.
cloud-init[958]: ci-info: | Route | Destination | Gateway  |    Genmask    | Interface | Flags |
[[0;32m  OK  [0m] Reached target Cloud-config availability.
[   15.206648] cloud-init[958]: ci-info: +-------+-------------+----------+---------------+-----------+-------+
[   15.334494] [[0;32m  OK  [0m] Listening on Socket activation for snappy daemon.
[[0;32m  OK  [0m] Listening on LXD - unix socket.
cloud-init[958]: ci-info: |   0   |   0.0.0.0   | 10.0.2.2 |    0.0.0.0    |   enp0s3  |   UG  |
[[0;32m  OK  [0m] Started iSCSI initiator daemon (iscsid).
[   15.471397] cloud-init[958]: ci-info: |   1   |   10.0.2.0  | 0.0.0.0  | 255.255.255.0 |   enp0s3  |   U   |
[   15.670786]          cloud-initStarting Login to default iSCSI targets...[958]: 
ci-info: +-------+-------------+----------+---------------+-----------+-------+
[   15.672026] [[0;32m  OK  [0m] Reached target Sockets.
[[0;32m  OK  [0m] Reached target Basic System.
[[0;32m  OK  [0m] Started Unattended Upgrades Shutdown.
cloud-init[958]: Generating public/private rsa key pair.
[   15.767967] cloud-init[958]: Your identification has been saved in /etc/ssh/ssh_host_rsa_key.
[   15.773539] cloud-init[958]: Your public key has been saved in /etc/ssh/ssh_host_rsa_key.pub.
[   15.780598] [[0;32m  OK  [0m] Started ACPI event daemon.
cloud-init[958]: The key fingerprint is:
[[0;32m  OK  [0m] Started Regular background program processing daemon.
[   15.812526] cloud-init[958]: SHA256:bQ1VLxbT8gC5665DCjLiD5fAarNn/X1pgJwvVyJH/bw root@ubuntu-xenial
[   15.826389] cloud-init[958]: The key's randomart image is:
[   15.834463] cloud-init         Starting LXD - container startup/shutdown...
[958]: +---[RSA 2048]----+         Starting Pollinate to seed the pseudo random number generator...
         Starting LSB: Record successful boot for GRUB...

[   15.932760] [[0;32m  OK  [0m] Started D-Bus System Message Bus.
cloud-init[958]: |            o++. |
[   16.024969]          Starting /etc/rc.local Compatibility...
cloud-init[958]: |           .. o+.|
[   16.120609]          Starting Virtualbox guest utils...
cloud-init[958]: |          o  .o+.|
[   16.129701] cloud-init[958]: | .       o +.. ..|
[   16.134348] cloud-init         Starting Apply the settings specified in cloud-config...
[958]: |  o   . S o +.   |
[   16.156049]          Starting System Logging Service...
cloud-init[958]: | ...o..= =...o   |
[[0;32m  OK  [0m] Started Deferred execution scheduler.
[   16.167138]          Starting Login Service...
[[0;32m  OK  [0m] Started FUSE filesystem for LXC.
cloud-init[958]: |.+..+o .+o+.. .  |
         Starting Accounts Service...
[   16.201715] cloud-init[958]: |. += . .oo.+.E   |
[   16.220653]          Starting Snappy daemon...
         Starting LSB: MD monitoring daemon...
[[0;32m  OK  [0m] Started LXD - container startup/shutdown.
[[0;32m  OK  [0m] Started /etc/rc.local Compatibility.
cloud-init[958]: | .o.. ..o.++.    |
[   16.255598] [[0;32m  OK  [0m] Started System Logging Service.
cloud-init[958]: +----[SHA256]-----+
[   16.273751] cloud-init[958]: Generating public/private dsa key pair.
[   16.297185] cloud-init[958]: Your identification has been saved in /etc/ssh/ssh_host_dsa_key.
[   16.308728] cloud-init[958]: Your public key has been saved in /etc/ssh/ssh_host_dsa_key.pub.
[[0;32m  OK  [0m] Started Login to default iSCSI targets.
[   16.340612] cloud-init[958]: The key fingerprint is:
[   16.391575] cloud-init[958]: SHA256:CPS5bmFGsqc+hTnYwlUUUxuscuqSIy2syFxzr8fIpoI root@ubuntu-xenial
[   16.398794] cloud-init[958]: The key's randomart image is:
[[0;32m  OK  [0m] Started LSB: Record successful boot for GRUB.
[   16.414301] cloud-init[958]: +---[DSA 1024]----+
[   16.456608] cloud-init[958]: |    ..++o        |
[   16.549656] cloud-init[958]: |   . ..o.o       |
         Starting Authenticate and Authorize Users to Run Privileged Tasks...
[[0;32m  OK  [0m] Reached target Remote File Systems (Pre).
[[0;32m  OK  [0m] Reached target Remote File Systems.
[   16.622800] cloud-init[958]: |    o.+..        |
[   16.649177] cloud-init[958]: |    o=oo         |         Starting LSB: Set the CPU Frequency Scaling governor to "ondemand"...
         Starting LSB: automatic crash report generation...
         Starting LSB: daemon to balance interrupts for SMP systems...
         Starting Permit User Sessions...

[   16.672750] [[0;32m  OK  [0m] Started LSB: MD monitoring daemon.
cloud-init[958]: | . +.*B S        |
[   16.690129] [[0;32m  OK  [0m] Started Snappy daemon.
[[0;32m  OK  [0m] Started Login Service.
[[0;32m  OK  [0m] Started Authenticate and Authorize Users to Run Privileged Tasks.
[[0;32m  OK  [0m] Started Accounts Service.
cloud-init[958]: |  + **..         |
[   16.781081] cloud-init[958]: |o. *o+=          |
[   16.813688] cloud-init[958]: |Eo*.==.o         |
[   16.817199] cloud-init[958]: |+=.++oo.         |
[[0;32m  OK  [0m] Started Permit User Sessions.
[[0;32m  OK  [0m] Started Virtualbox guest utils.
[   16.823403] cloud-init[958]: +----[SHA256]-----+
         Starting Hold until boot process finishes up...
[   17.064133] cloud-init[958]: Generating public/private ecdsa key pair.
[   17.126690] cloud-init[958]: Your identification has been saved in /etc/ssh/ssh_host_ecdsa_key.
         Starting Terminate Plymouth Boot Screen...
[   17.182886] cloud-init[958]: Your public key has been saved in /etc/ssh/ssh_host_ecdsa_key.pub.
[   17.490454] cloud-init[958]: The key fingerprint is:
[   17.490646] cloud-init[958]: SHA256:ebU/4BEJj5jwMPV8YRxfILgAlx+sqH783msohfBOS3o root@ubuntu-xenial
[   17.490803] cloud-init[958]: The key's randomart image is:
[   17.492905] cloud-init[958]: +---[ECDSA 256]---+
         Starting Wait until snapd is fully seeded...
[   17.495441] cloud-init[958]: |      =ooo.o=....|
[[0;32m  OK  [0m] Started Pollinate to seed the pseudo random number generator.
[   17.590357] cloud-init[958]: |       *o=+=.= . |
[[0;32m  OK  [0m] Started LSB: Set the CPU Frequency Scaling governor to "ondemand".
[[0;32m  OK  [0m] Started LSB: automatic crash report generation.
[[0;32m  OK  [0m] Started LSB: daemon to balance interrupts for SMP systems.
[[0;32m  OK  [0m] Started Hold until boot process finishes up.
[[0;32m  OK  [0m] Started Terminate Plymouth Boot Screen.
[   17.707453] cloud-init[958]: |       .+++o* .  |
[   17.883977] cloud-init[958]: |    . . ..oo o   |
[   17.902684] cloud-init[958]: |     + .S . +    |
[   17.931440] cloud-init[958]: |    . = .. . +   |
[   17.968619] cloud-init[958]: |   . * o .  . o  |
[   17.968855] cloud-init[958]: |    o E ...    . |
         Starting Set console scheme...
[   17.971485] cloud-init[958]: |     o +o.o.     |
[   18.132946] cloud-init[958]: +----[SHA256]-----+
[   18.133281] cloud-init[958]: Generating public/private ed25519 key pair.
[   18.134088] cloud-init[958]: Your identification has been saved in /etc/ssh/ssh_host_ed25519_key.
[   18.134943] cloud-init[958]: Your public key has been saved in /etc/ssh/ssh_host_ed25519_key.pub.
[[0;32m  OK  [0m] Started Getty on tty1.
[   18.135378] cloud-init[958]: The key fingerprint is:
[   18.264980] cloud-init[958]: SHA256:L0vj6/A+BS74NV68eBPdndpcyzj/rN8z61HkCjpG0Ok root@ubuntu-xenial
[   18.276992] cloud-init[958]: The key's randomart image is:
[   18.278247] cloud-init[958]: +--[ED25519 256]--+
[[0;32m  OK  [0m] Started Serial Getty on ttyS0.
[[0;32m  OK  [0m] Reached target Login Prompts.
[   18.283600] cloud-init[958]: |                 |
[   18.337157]          Starting OpenBSD Secure Shell server...
[[0;32m  OK  [0m] Started Set console scheme.
cloud-init[958]: |         . .     |
[   18.394446] [cloud-init[0;32m  OK  [0m[958]: ] |        . o     .|Started OpenBSD Secure Shell server.

[   18.395326] cloud-init[958]: |        .o     o |
[   18.568865] [cloud-init[0;32m  OK  [0m[958]: ] |     . .SoE... .+|Created slice User Slice of vagrant.

[   18.615945]          Starting User Manager for UID 1000...
cloud-init[958]: |    . . +o=....o+|[[0;32m  OK  [0m] Started User Manager for UID 1000.

[   18.638935] cloud-init[958]: |     ..++==o  B.o|
[   18.644276] cloud-init[958]: |      .=+=+. + Oo|[[0;32m  OK  [0m] Started Session 1 of user vagrant.

[   18.669151] cloud-init[958]: |       oB+ .  =*X|
[   18.673763] cloud-init[958]: +----[SHA256]-----+
[   18.704345] cloud-init[1119]: Generating locales (this might take a while)...
[   20.727905] cloud-init[1119]:   en_US.UTF-8... done
[   20.736481] cloud-init[1119]: Generation complete.
[[0;32m  OK  [0m] Started Wait until snapd is fully seeded.
[[0;32m  OK  [0m] Reached target Multi-User System.
[[0;32m  OK  [0m] Reached target Graphical Interface.
         Starting Update UTMP about System Runlevel Changes...
[[0;32m  OK  [0m] Started Update UTMP about System Runlevel Changes.
[   21.658839] cloud-init[1119]: Cloud-init v. 18.2 running 'modules:config' at Wed, 27 Jun 2018 05:06:04 +0000. Up 17.67 seconds.
[[0;32m  OK  [0m] Started Apply the settings specified in cloud-config.
         Starting Execute cloud user/final scripts...
         Stopping User Manager for UID 1000...
[[0;32m  OK  [0m] Stopped User Manager for UID 1000.
[[0;32m  OK  [0m] Removed slice User Slice of vagrant.
[[0;32m  OK  [0m] Created slice User Slice of vagrant.
         Starting User Manager for UID 1000...
[[0;32m  OK  [0m] Started Session 2 of user vagrant.
[[0;32m  OK  [0m] Started User Manager for UID 1000.
ci-info: no authorized ssh keys fingerprints found for user ubuntu.
<14>Jun 27 05:06:09 ec2: 
<14>Jun 27 05:06:09 ec2: #############################################################
<14>Jun 27 05:06:09 ec2: -----BEGIN SSH HOST KEY FINGERPRINTS-----
<14>Jun 27 05:06:09 ec2: 1024 SHA256:CPS5bmFGsqc+hTnYwlUUUxuscuqSIy2syFxzr8fIpoI root@ubuntu-xenial (DSA)
<14>Jun 27 05:06:09 ec2: 256 SHA256:ebU/4BEJj5jwMPV8YRxfILgAlx+sqH783msohfBOS3o root@ubuntu-xenial (ECDSA)
<14>Jun 27 05:06:09 ec2: 256 SHA256:L0vj6/A+BS74NV68eBPdndpcyzj/rN8z61HkCjpG0Ok root@ubuntu-xenial (ED25519)
<14>Jun 27 05:06:09 ec2: 2048 SHA256:bQ1VLxbT8gC5665DCjLiD5fAarNn/X1pgJwvVyJH/bw root@ubuntu-xenial (RSA)
<14>Jun 27 05:06:09 ec2: -----END SSH HOST KEY FINGERPRINTS-----
<14>Jun 27 05:06:09 ec2: #############################################################
-----BEGIN SSH HOST KEY KEYS-----
ecdsa-sha2-nistp256 AAAAE2VjZHNhLXNoYTItbmlzdHAyNTYAAAAIbmlzdHAyNTYAAABBBH1f3oj/lmM6/qnNa5/mASJ/AVg0sZK4xt1d/+TXxwUH4V+sXj6R8qN1Ae+CMU6cHYM8vUJjHsxnfriwdNN2ARo= root@ubuntu-xenial
ssh-ed25519 AAAAC3NzaC1lZDI1NTE5AAAAIEPDI0VScITXP+yPe7INUoliKy7MEl91H4ijWOUPfBNt root@ubuntu-xenial
ssh-rsa AAAAB3NzaC1yc2EAAAADAQABAAABAQDAY8vEZx6RaqtWJDxjkpagXnRNmZVnhhUqYam5UQLvOvSZw7McqhOfQMoE4pgfh19A6WOKswkCB0lbw+8ODu3zgFT2Bk8Z5mPhA6eQnyf5pwCzow7JpRUCteidcQrqNQCn+EVAkHB7ZanUdCpU3qUBoxpuGM3LtyFtbSaiquakrFT1+r5bmSGdm4BE7ll3jK2gHHjCeWDLCYnzDNgHhlDaW4SNzXL6IuJ/UlZpuClM1NnrpWyIzDkRad/iK3O8N5r0eMYqTPfp7bF7JaCKrRZcpvwo1e+6IvgxAf5ddMeA0gqKu26gTrKTIIPw3IG4SwjKDBfxb9NgIQaZR1049FI/ root@ubuntu-xenial
-----END SSH HOST KEY KEYS-----
[   23.097227] cloud-init[1462]: Cloud-init v. 18.2 running 'modules:final' at Wed, 27 Jun 2018 05:06:09 +0000. Up 22.54 seconds.
[   23.137954] cloud-init[1462]: ci-info: no authorized ssh keys fingerprints found for user ubuntu.
[   23.153012] cloud-init[1462]
Ubuntu 16.04.4 LTS rails-devkit ttyS0

rails-devkit login: 